
*** Running vivado
    with args -log Req2_Req2Mux_0_0.vds -m64 -product Vivado -mode batch -messageDb vivado.pb -notrace -source Req2_Req2Mux_0_0.tcl



****** Vivado v2020.2 (64-bit)
  **** SW Build 3064766 on Wed Nov 18 09:12:45 MST 2020
  **** IP Build 3064653 on Wed Nov 18 14:17:31 MST 2020
    ** Copyright 1986-2020 Xilinx, Inc. All Rights Reserved.

source Req2_Req2Mux_0_0.tcl -notrace
Command: synth_design -top Req2_Req2Mux_0_0 -part xc7z007sclg400-1 -mode out_of_context
Starting synth_design
WARNING: [IP_Flow 19-3571] IP 'Req2_Req2Mux_0_0' is restricted:
* Module reference is stale and needs refreshing.
Attempting to get a license for feature 'Synthesis' and/or device 'xc7z007s'
INFO: [Common 17-349] Got license for feature 'Synthesis' and/or device 'xc7z007s'
INFO: [Synth 8-7079] Multithreading enabled for synth_design using a maximum of 2 processes.
INFO: [Synth 8-7078] Launching helper process for spawning children vivado processes
INFO: [Synth 8-7075] Helper process launched with PID 2328
---------------------------------------------------------------------------------
Starting Synthesize : Time (s): cpu = 00:00:08 ; elapsed = 00:00:11 . Memory (MB): peak = 1014.914 ; gain = 0.000
---------------------------------------------------------------------------------
INFO: [Synth 8-6157] synthesizing module 'Req2_Req2Mux_0_0' [c:/Users/denis/Desktop/Proj11/Proj11.gen/sources_1/bd/Req2/ip/Req2_Req2Mux_0_0/synth/Req2_Req2Mux_0_0.v:58]
INFO: [Synth 8-6157] synthesizing module 'Req2Mux' [C:/Users/denis/Desktop/Proj11/Proj11.srcs/sources_1/new/Req2Mux.v:23]
INFO: [Synth 8-226] default block is never used [C:/Users/denis/Desktop/Proj11/Proj11.srcs/sources_1/new/Req2Mux.v:30]
WARNING: [Synth 8-567] referenced signal 'I0' should be on the sensitivity list [C:/Users/denis/Desktop/Proj11/Proj11.srcs/sources_1/new/Req2Mux.v:29]
WARNING: [Synth 8-567] referenced signal 'I1' should be on the sensitivity list [C:/Users/denis/Desktop/Proj11/Proj11.srcs/sources_1/new/Req2Mux.v:29]
WARNING: [Synth 8-567] referenced signal 'I2' should be on the sensitivity list [C:/Users/denis/Desktop/Proj11/Proj11.srcs/sources_1/new/Req2Mux.v:29]
WARNING: [Synth 8-567] referenced signal 'I3' should be on the sensitivity list [C:/Users/denis/Desktop/Proj11/Proj11.srcs/sources_1/new/Req2Mux.v:29]
INFO: [Synth 8-6155] done synthesizing module 'Req2Mux' (1#1) [C:/Users/denis/Desktop/Proj11/Proj11.srcs/sources_1/new/Req2Mux.v:23]
INFO: [Synth 8-6155] done synthesizing module 'Req2_Req2Mux_0_0' (2#1) [c:/Users/denis/Desktop/Proj11/Proj11.gen/sources_1/bd/Req2/ip/Req2_Req2Mux_0_0/synth/Req2_Req2Mux_0_0.v:58]
---------------------------------------------------------------------------------
Finished Synthesize : Time (s): cpu = 00:00:10 ; elapsed = 00:00:14 . Memory (MB): peak = 1014.914 ; gain = 0.000
---------------------------------------------------------------------------------
---------------------------------------------------------------------------------
Finished Constraint Validation : Time (s): cpu = 00:00:11 ; elapsed = 00:00:14 . Memory (MB): peak = 1014.914 ; gain = 0.000
---------------------------------------------------------------------------------
---------------------------------------------------------------------------------
Start Loading Part and Timing Information
---------------------------------------------------------------------------------
Loading part: xc7z007sclg400-1
---------------------------------------------------------------------------------
Finished Loading Part and Timing Information : Time (s): cpu = 00:00:11 ; elapsed = 00:00:14 . Memory (MB): peak = 1014.914 ; gain = 0.000
---------------------------------------------------------------------------------
INFO: [Device 21-403] Loading part xc7z007sclg400-1
---------------------------------------------------------------------------------
Finished RTL Optimization Phase 2 : Time (s): cpu = 00:00:11 ; elapsed = 00:00:15 . Memory (MB): peak = 1014.914 ; gain = 0.000
---------------------------------------------------------------------------------
No constraint files found.
---------------------------------------------------------------------------------
Start RTL Component Statistics 
---------------------------------------------------------------------------------
Detailed RTL Component Info : 
+---Muxes : 
	   4 Input    4 Bit        Muxes := 1     
---------------------------------------------------------------------------------
Finished RTL Component Statistics 
---------------------------------------------------------------------------------
---------------------------------------------------------------------------------
Start Part Resource Summary
---------------------------------------------------------------------------------
Part Resources:
DSPs: 66 (col length:40)
BRAMs: 100 (col length: RAMB18 40 RAMB36 20)
---------------------------------------------------------------------------------
Finished Part Resource Summary
---------------------------------------------------------------------------------
No constraint files found.
---------------------------------------------------------------------------------
Start Cross Boundary and Area Optimization
---------------------------------------------------------------------------------
---------------------------------------------------------------------------------
Finished Cross Boundary and Area Optimization : Time (s): cpu = 00:00:20 ; elapsed = 00:00:26 . Memory (MB): peak = 1014.914 ; gain = 0.000
---------------------------------------------------------------------------------
No constraint files found.
---------------------------------------------------------------------------------
Start Timing Optimization
---------------------------------------------------------------------------------
---------------------------------------------------------------------------------
Finished Timing Optimization : Time (s): cpu = 00:00:20 ; elapsed = 00:00:27 . Memory (MB): peak = 1014.914 ; gain = 0.000
---------------------------------------------------------------------------------
---------------------------------------------------------------------------------
Start Technology Mapping
---------------------------------------------------------------------------------
---------------------------------------------------------------------------------
Finished Technology Mapping : Time (s): cpu = 00:00:20 ; elapsed = 00:00:27 . Memory (MB): peak = 1014.914 ; gain = 0.000
---------------------------------------------------------------------------------
---------------------------------------------------------------------------------
Start IO Insertion
---------------------------------------------------------------------------------
---------------------------------------------------------------------------------
Start Flattening Before IO Insertion
---------------------------------------------------------------------------------
---------------------------------------------------------------------------------
Finished Flattening Before IO Insertion
---------------------------------------------------------------------------------
---------------------------------------------------------------------------------
Start Final Netlist Cleanup
---------------------------------------------------------------------------------
---------------------------------------------------------------------------------
Finished Final Netlist Cleanup
---------------------------------------------------------------------------------
---------------------------------------------------------------------------------
Finished IO Insertion : Time (s): cpu = 00:00:29 ; elapsed = 00:00:36 . Memory (MB): peak = 1014.914 ; gain = 0.000
---------------------------------------------------------------------------------
---------------------------------------------------------------------------------
Start Renaming Generated Instances
---------------------------------------------------------------------------------
---------------------------------------------------------------------------------
Finished Renaming Generated Instances : Time (s): cpu = 00:00:29 ; elapsed = 00:00:36 . Memory (MB): peak = 1014.914 ; gain = 0.000
---------------------------------------------------------------------------------
---------------------------------------------------------------------------------
Start Rebuilding User Hierarchy
---------------------------------------------------------------------------------
---------------------------------------------------------------------------------
Finished Rebuilding User Hierarchy : Time (s): cpu = 00:00:29 ; elapsed = 00:00:36 . Memory (MB): peak = 1014.914 ; gain = 0.000
---------------------------------------------------------------------------------
---------------------------------------------------------------------------------
Start Renaming Generated Ports
---------------------------------------------------------------------------------
---------------------------------------------------------------------------------
Finished Renaming Generated Ports : Time (s): cpu = 00:00:29 ; elapsed = 00:00:36 . Memory (MB): peak = 1014.914 ; gain = 0.000
---------------------------------------------------------------------------------
---------------------------------------------------------------------------------
Start Handling Custom Attributes
---------------------------------------------------------------------------------
---------------------------------------------------------------------------------
Finished Handling Custom Attributes : Time (s): cpu = 00:00:29 ; elapsed = 00:00:36 . Memory (MB): peak = 1014.914 ; gain = 0.000
---------------------------------------------------------------------------------
---------------------------------------------------------------------------------
Start Renaming Generated Nets
---------------------------------------------------------------------------------
---------------------------------------------------------------------------------
Finished Renaming Generated Nets : Time (s): cpu = 00:00:29 ; elapsed = 00:00:36 . Memory (MB): peak = 1014.914 ; gain = 0.000
---------------------------------------------------------------------------------
---------------------------------------------------------------------------------
Start Writing Synthesis Report
---------------------------------------------------------------------------------

Report BlackBoxes: 
+-+--------------+----------+
| |BlackBox name |Instances |
+-+--------------+----------+
+-+--------------+----------+

Report Cell Usage: 
+------+-----+------+
|      |Cell |Count |
+------+-----+------+
|1     |LUT6 |     4|
+------+-----+------+

Report Instance Areas: 
+------+---------+--------+------+
|      |Instance |Module  |Cells |
+------+---------+--------+------+
|1     |top      |        |     4|
|2     |  inst   |Req2Mux |     4|
+------+---------+--------+------+
---------------------------------------------------------------------------------
Finished Writing Synthesis Report : Time (s): cpu = 00:00:29 ; elapsed = 00:00:36 . Memory (MB): peak = 1014.914 ; gain = 0.000
---------------------------------------------------------------------------------
Synthesis finished with 0 errors, 0 critical warnings and 4 warnings.
Synthesis Optimization Runtime : Time (s): cpu = 00:00:29 ; elapsed = 00:00:36 . Memory (MB): peak = 1014.914 ; gain = 0.000
Synthesis Optimization Complete : Time (s): cpu = 00:00:29 ; elapsed = 00:00:36 . Memory (MB): peak = 1014.914 ; gain = 0.000
INFO: [Project 1-571] Translating synthesized netlist
Netlist sorting complete. Time (s): cpu = 00:00:00 ; elapsed = 00:00:00.001 . Memory (MB): peak = 1014.914 ; gain = 0.000
INFO: [Project 1-570] Preparing netlist for logic optimization
INFO: [Opt 31-138] Pushed 0 inverter(s) to 0 load pin(s).
Netlist sorting complete. Time (s): cpu = 00:00:00 ; elapsed = 00:00:00 . Memory (MB): peak = 1014.914 ; gain = 0.000
INFO: [Project 1-111] Unisim Transformation Summary:
No Unisim elements were transformed.

INFO: [Common 17-83] Releasing license: Synthesis
15 Infos, 5 Warnings, 0 Critical Warnings and 0 Errors encountered.
synth_design completed successfully
synth_design: Time (s): cpu = 00:00:35 ; elapsed = 00:00:42 . Memory (MB): peak = 1014.914 ; gain = 0.000
INFO: [Timing 38-35] Done setting XDC timing constraints.
INFO: [Common 17-1381] The checkpoint 'C:/Users/denis/Desktop/Proj11/Proj11.runs/Req2_Req2Mux_0_0_synth_1/Req2_Req2Mux_0_0.dcp' has been generated.
write_checkpoint: Time (s): cpu = 00:00:11 ; elapsed = 00:00:12 . Memory (MB): peak = 1302.516 ; gain = 287.602
WARNING: [Common 17-576] 'use_project_ipc' is deprecated. This option is deprecated and no longer used.
INFO: [Common 17-1381] The checkpoint 'C:/Users/denis/Desktop/Proj11/Proj11.runs/Req2_Req2Mux_0_0_synth_1/Req2_Req2Mux_0_0.dcp' has been generated.
INFO: [runtcl-4] Executing : report_utilization -file Req2_Req2Mux_0_0_utilization_synth.rpt -pb Req2_Req2Mux_0_0_utilization_synth.pb
INFO: [Common 17-206] Exiting Vivado at Tue Apr 20 12:56:45 2021...
